<?xml version="1.0" encoding="UTF-8"?>
<testsuite xmlns:xsi="http://www.w3.org/2001/XMLSchema-instance" xsi:noNamespaceSchemaLocation="https://maven.apache.org/surefire/maven-surefire-plugin/xsd/surefire-test-report.xsd" name="it.unipd.mtss.IntegerToRomanTest" time="0.002" tests="10" errors="0" skipped="0" failures="0">
  <properties>
    <property name="sun.desktop" value="gnome"/>
    <property name="awt.toolkit" value="sun.awt.X11.XToolkit"/>
    <property name="java.specification.version" value="11"/>
    <property name="sun.cpu.isalist" value=""/>
    <property name="sun.jnu.encoding" value="UTF-8"/>
    <property name="java.class.path" value="/home/mircea/Desktop/universita/terzoAnno/MTSS/ass2/MTSS_assigment2/roman-number/target/test-classes:/home/mircea/Desktop/universita/terzoAnno/MTSS/ass2/MTSS_assigment2/roman-number/target/classes:/home/mircea/.m2/repository/junit/junit/4.11/junit-4.11.jar:/home/mircea/.m2/repository/org/hamcrest/hamcrest-core/1.3/hamcrest-core-1.3.jar:/home/mircea/.m2/repository/org/mockito/mockito-core/5.2.0/mockito-core-5.2.0.jar:/home/mircea/.m2/repository/net/bytebuddy/byte-buddy/1.14.1/byte-buddy-1.14.1.jar:/home/mircea/.m2/repository/net/bytebuddy/byte-buddy-agent/1.14.1/byte-buddy-agent-1.14.1.jar:/home/mircea/.m2/repository/org/objenesis/objenesis/3.3/objenesis-3.3.jar:"/>
    <property name="java.vm.vendor" value="Ubuntu"/>
    <property name="sun.arch.data.model" value="64"/>
    <property name="java.vendor.url" value="https://ubuntu.com/"/>
    <property name="user.timezone" value=""/>
    <property name="java.vm.specification.version" value="11"/>
    <property name="os.name" value="Linux"/>
    <property name="sun.java.launcher" value="SUN_STANDARD"/>
    <property name="user.country" value="US"/>
    <property name="sun.boot.library.path" value="/usr/lib/jvm/java-11-openjdk-amd64/lib"/>
    <property name="sun.java.command" value="/home/mircea/Desktop/universita/terzoAnno/MTSS/ass2/MTSS_assigment2/roman-number/target/surefire/surefirebooter9160619830145103775.jar /home/mircea/Desktop/universita/terzoAnno/MTSS/ass2/MTSS_assigment2/roman-number/target/surefire 2023-05-15T18-51-49_655-jvmRun1 surefire16774552477185099490tmp surefire_09955253431392902711tmp"/>
    <property name="jdk.debug" value="release"/>
    <property name="surefire.test.class.path" value="/home/mircea/Desktop/universita/terzoAnno/MTSS/ass2/MTSS_assigment2/roman-number/target/test-classes:/home/mircea/Desktop/universita/terzoAnno/MTSS/ass2/MTSS_assigment2/roman-number/target/classes:/home/mircea/.m2/repository/junit/junit/4.11/junit-4.11.jar:/home/mircea/.m2/repository/org/hamcrest/hamcrest-core/1.3/hamcrest-core-1.3.jar:/home/mircea/.m2/repository/org/mockito/mockito-core/5.2.0/mockito-core-5.2.0.jar:/home/mircea/.m2/repository/net/bytebuddy/byte-buddy/1.14.1/byte-buddy-1.14.1.jar:/home/mircea/.m2/repository/net/bytebuddy/byte-buddy-agent/1.14.1/byte-buddy-agent-1.14.1.jar:/home/mircea/.m2/repository/org/objenesis/objenesis/3.3/objenesis-3.3.jar:"/>
    <property name="sun.cpu.endian" value="little"/>
    <property name="user.home" value="/home/mircea"/>
    <property name="user.language" value="en"/>
    <property name="java.specification.vendor" value="Oracle Corporation"/>
    <property name="java.version.date" value="2023-01-17"/>
    <property name="java.home" value="/usr/lib/jvm/java-11-openjdk-amd64"/>
    <property name="file.separator" value="/"/>
    <property name="basedir" value="/home/mircea/Desktop/universita/terzoAnno/MTSS/ass2/MTSS_assigment2/roman-number"/>
    <property name="java.vm.compressedOopsMode" value="Zero based"/>
    <property name="line.separator" value="&#10;"/>
    <property name="java.specification.name" value="Java Platform API Specification"/>
    <property name="java.vm.specification.vendor" value="Oracle Corporation"/>
    <property name="java.awt.graphicsenv" value="sun.awt.X11GraphicsEnvironment"/>
    <property name="surefire.real.class.path" value="/home/mircea/Desktop/universita/terzoAnno/MTSS/ass2/MTSS_assigment2/roman-number/target/surefire/surefirebooter9160619830145103775.jar"/>
    <property name="sun.management.compiler" value="HotSpot 64-Bit Tiered Compilers"/>
    <property name="java.runtime.version" value="11.0.18+10-post-Ubuntu-0ubuntu122.04"/>
    <property name="user.name" value="mircea"/>
    <property name="path.separator" value=":"/>
    <property name="os.version" value="5.19.0-41-generic"/>
    <property name="java.runtime.name" value="OpenJDK Runtime Environment"/>
    <property name="file.encoding" value="UTF-8"/>
    <property name="java.vm.name" value="OpenJDK 64-Bit Server VM"/>
    <property name="localRepository" value="/home/mircea/.m2/repository"/>
    <property name="java.vendor.url.bug" value="https://bugs.launchpad.net/ubuntu/+source/openjdk-lts"/>
    <property name="java.io.tmpdir" value="/tmp"/>
    <property name="java.version" value="11.0.18"/>
    <property name="user.dir" value="/home/mircea/Desktop/universita/terzoAnno/MTSS/ass2/MTSS_assigment2/roman-number"/>
    <property name="os.arch" value="amd64"/>
    <property name="java.vm.specification.name" value="Java Virtual Machine Specification"/>
    <property name="java.awt.printerjob" value="sun.print.PSPrinterJob"/>
    <property name="sun.os.patch.level" value="unknown"/>
    <property name="java.library.path" value="/usr/java/packages/lib:/usr/lib/x86_64-linux-gnu/jni:/lib/x86_64-linux-gnu:/usr/lib/x86_64-linux-gnu:/usr/lib/jni:/lib:/usr/lib"/>
    <property name="java.vm.info" value="mixed mode, sharing"/>
    <property name="java.vendor" value="Ubuntu"/>
    <property name="java.vm.version" value="11.0.18+10-post-Ubuntu-0ubuntu122.04"/>
    <property name="sun.io.unicode.encoding" value="UnicodeLittle"/>
    <property name="java.class.version" value="55.0"/>
  </properties>
  <testcase name="primiCentoNumeri" classname="it.unipd.mtss.IntegerToRomanTest" time="0.001"/>
  <testcase name="primiDieciNumeri" classname="it.unipd.mtss.IntegerToRomanTest" time="0"/>
  <testcase name="primiMilleNumeri" classname="it.unipd.mtss.IntegerToRomanTest" time="0"/>
  <testcase name="primiCinquecentoNumeri" classname="it.unipd.mtss.IntegerToRomanTest" time="0"/>
  <testcase name="lowerOutOfBounds" classname="it.unipd.mtss.IntegerToRomanTest" time="0"/>
  <testcase name="primiSeiNumeri" classname="it.unipd.mtss.IntegerToRomanTest" time="0"/>
  <testcase name="primiTreNumeri" classname="it.unipd.mtss.IntegerToRomanTest" time="0"/>
  <testcase name="upperOutOfBounds" classname="it.unipd.mtss.IntegerToRomanTest" time="0.001"/>
  <testcase name="primiCinquantaNumeri" classname="it.unipd.mtss.IntegerToRomanTest" time="0"/>
  <testcase name="primiVentiNumeri" classname="it.unipd.mtss.IntegerToRomanTest" time="0"/>
</testsuite>